This is pdfTeX, Version 3.1415926-2.3-1.40.12 (MiKTeX 2.9) (preloaded format=pdflatex 2012.10.11)  14 AUG 2013 10:59
entering extended mode
**C:/Users/Turan/Google*Drive/ED/D/git-thesis/thesis.tex
("C:/Users/Turan/Google Drive/ED/D/git-thesis/thesis.tex"
LaTeX2e <2011/06/27>
Babel <v3.8m> and hyphenation patterns for english, afrikaans, ancientgreek, ar
abic, armenian, assamese, basque, bengali, bokmal, bulgarian, catalan, coptic, 
croatian, czech, danish, dutch, esperanto, estonian, farsi, finnish, french, ga
lician, german, german-x-2009-06-19, greek, gujarati, hindi, hungarian, iceland
ic, indonesian, interlingua, irish, italian, kannada, kurmanji, lao, latin, lat
vian, lithuanian, malayalam, marathi, mongolian, mongolianlmc, monogreek, ngerm
an, ngerman-x-2009-06-19, nynorsk, oriya, panjabi, pinyin, polish, portuguese, 
romanian, russian, sanskrit, serbian, slovak, slovenian, spanish, swedish, swis
sgerman, tamil, telugu, turkish, turkmen, ukenglish, ukrainian, uppersorbian, u
senglishmax, welsh, loaded.
("C:\Users\Turan\Google Drive\ED\D\git-thesis\infthesis.cls"
Document Class: infthesis 2011/02/02 v3.5 School of Informatics Thesis Class
("C:\Program Files (x86)\MiKTeX 2.9\tex\latex\geometry\geometry.sty"
Package: geometry 2010/09/12 v5.6 Page Geometry

("C:\Program Files (x86)\MiKTeX 2.9\tex\latex\graphics\keyval.sty"
Package: keyval 1999/03/16 v1.13 key=value parser (DPC)
\KV@toks@=\toks14
)
("C:\Program Files (x86)\MiKTeX 2.9\tex\generic\oberdiek\ifpdf.sty"
Package: ifpdf 2011/01/30 v2.3 Provides the ifpdf switch (HO)
Package ifpdf Info: pdfTeX in PDF mode is detected.
)
("C:\Program Files (x86)\MiKTeX 2.9\tex\generic\oberdiek\ifvtex.sty"
Package: ifvtex 2010/03/01 v1.5 Detect VTeX and its facilities (HO)
Package ifvtex Info: VTeX not detected.
)
("C:\Program Files (x86)\MiKTeX 2.9\tex\generic\ifxetex\ifxetex.sty"
Package: ifxetex 2010/09/12 v0.6 Provides ifxetex conditional
)
\Gm@cnth=\count79
\Gm@cntv=\count80
\c@Gm@tempcnt=\count81
\Gm@bindingoffset=\dimen102
\Gm@wd@mp=\dimen103
\Gm@odd@mp=\dimen104
\Gm@even@mp=\dimen105
\Gm@layoutwidth=\dimen106
\Gm@layoutheight=\dimen107
\Gm@layouthoffset=\dimen108
\Gm@layoutvoffset=\dimen109
\Gm@dimlist=\toks15

("C:\Program Files (x86)\MiKTeX 2.9\tex\latex\geometry\geometry.cfg"))
("C:\Program Files (x86)\MiKTeX 2.9\tex\latex\base\ifthen.sty"
Package: ifthen 2001/05/26 v1.1c Standard LaTeX ifthen package (DPC)
)
("C:\Program Files (x86)\MiKTeX 2.9\tex\latex\graphics\graphics.sty"
Package: graphics 2009/02/05 v1.0o Standard LaTeX Graphics (DPC,SPQR)

("C:\Program Files (x86)\MiKTeX 2.9\tex\latex\graphics\trig.sty"
Package: trig 1999/03/16 v1.09 sin cos tan (DPC)
)
("C:\Program Files (x86)\MiKTeX 2.9\tex\latex\00miktex\graphics.cfg"
File: graphics.cfg 2007/01/18 v1.5 graphics configuration of teTeX/TeXLive
)
Package graphics Info: Driver file: pdftex.def on input line 91.

("C:\Program Files (x86)\MiKTeX 2.9\tex\latex\pdftex-def\pdftex.def"
File: pdftex.def 2011/05/27 v0.06d Graphics/color for pdfTeX

("C:\Program Files (x86)\MiKTeX 2.9\tex\generic\oberdiek\infwarerr.sty"
Package: infwarerr 2010/04/08 v1.3 Providing info/warning/error messages (HO)
)
("C:\Program Files (x86)\MiKTeX 2.9\tex\generic\oberdiek\ltxcmds.sty"
Package: ltxcmds 2011/11/09 v1.22 LaTeX kernel commands for general use (HO)
)
\Gread@gobject=\count82
))
("C:\Program Files (x86)\MiKTeX 2.9\tex\latex\tools\xspace.sty"
Package: xspace 2009/10/20 v1.13 Space after command names (DPC,MH)
)
("C:\Users\Turan\Google Drive\ED\D\git-thesis\eushield.sty"
Package: eushield 2006/08/28\ v1.1\ Commands for including the EU shield graphi
c
)
("C:\Program Files (x86)\MiKTeX 2.9\tex\latex\base\report.cls"
Document Class: report 2007/10/19 v1.4h Standard LaTeX document class
("C:\Program Files (x86)\MiKTeX 2.9\tex\latex\base\size12.clo"
File: size12.clo 2007/10/19 v1.4h Standard LaTeX file (size option)
)
\c@part=\count83
\c@chapter=\count84
\c@section=\count85
\c@subsection=\count86
\c@subsubsection=\count87
\c@paragraph=\count88
\c@subparagraph=\count89
\c@figure=\count90
\c@table=\count91
\abovecaptionskip=\skip41
\belowcaptionskip=\skip42
\bibindent=\dimen110
)
("C:\Program Files (x86)\MiKTeX 2.9\tex\latex\pslatex\pslatex.sty"
Package: pslatex 1996/07/24 v1.2 pslatex emulation (DPC)
LaTeX Font Info:    Redeclaring symbol font `operators' on input line 65.
LaTeX Font Info:    Overwriting symbol font `operators' in version `normal'
(Font)                  OT1/cmr/m/n --> OT1/ptmcm/m/n on input line 65.
LaTeX Font Info:    Overwriting symbol font `operators' in version `bold'
(Font)                  OT1/cmr/bx/n --> OT1/ptmcm/m/n on input line 65.
LaTeX Font Info:    Redeclaring symbol font `letters' on input line 66.
LaTeX Font Info:    Overwriting symbol font `letters' in version `normal'
(Font)                  OML/cmm/m/it --> OML/ptmcm/m/it on input line 66.
LaTeX Font Info:    Overwriting symbol font `letters' in version `bold'
(Font)                  OML/cmm/b/it --> OML/ptmcm/m/it on input line 66.
LaTeX Font Info:    Redeclaring symbol font `symbols' on input line 67.
LaTeX Font Info:    Overwriting symbol font `symbols' in version `normal'
(Font)                  OMS/cmsy/m/n --> OMS/pzccm/m/n on input line 67.
LaTeX Font Info:    Overwriting symbol font `symbols' in version `bold'
(Font)                  OMS/cmsy/b/n --> OMS/pzccm/m/n on input line 67.
LaTeX Font Info:    Redeclaring symbol font `largesymbols' on input line 68.
LaTeX Font Info:    Overwriting symbol font `largesymbols' in version `normal'
(Font)                  OMX/cmex/m/n --> OMX/psycm/m/n on input line 68.
LaTeX Font Info:    Overwriting symbol font `largesymbols' in version `bold'
(Font)                  OMX/cmex/m/n --> OMX/psycm/m/n on input line 68.
\symbold=\mathgroup4
\symitalic=\mathgroup5
LaTeX Font Info:    Redeclaring math alphabet \mathbf on input line 74.
LaTeX Font Info:    Overwriting math alphabet `\mathbf' in version `normal'
(Font)                  OT1/cmr/bx/n --> OT1/ptm/bx/n on input line 74.
LaTeX Font Info:    Overwriting math alphabet `\mathbf' in version `bold'
(Font)                  OT1/cmr/bx/n --> OT1/ptm/bx/n on input line 74.
LaTeX Font Info:    Redeclaring math alphabet \mathit on input line 75.
LaTeX Font Info:    Overwriting math alphabet `\mathit' in version `normal'
(Font)                  OT1/cmr/m/it --> OT1/ptm/m/it on input line 75.
LaTeX Font Info:    Overwriting math alphabet `\mathit' in version `bold'
(Font)                  OT1/cmr/bx/it --> OT1/ptm/m/it on input line 75.
)
("C:\Program Files (x86)\MiKTeX 2.9\tex\latex\sectsty\sectsty.sty"
Package: sectsty 2002/02/25 v2.0.2 Commands to change all sectional heading sty
les
)
("C:\Program Files (x86)\MiKTeX 2.9\tex\latex\caption\caption.sty"
Package: caption 2013/05/02 v3.3-89 Customizing captions (AR)

("C:\Program Files (x86)\MiKTeX 2.9\tex\latex\caption\caption3.sty"
Package: caption3 2013/05/02 v1.6-88 caption3 kernel (AR)
Package caption3 Info: TeX engine: e-TeX on input line 57.
\captionmargin=\dimen111
\captionmargin@=\dimen112
\captionwidth=\dimen113
\caption@tempdima=\dimen114
\caption@indent=\dimen115
\caption@parindent=\dimen116
\caption@hangindent=\dimen117
)
\c@ContinuedFloat=\count92
))
("C:\Program Files (x86)\MiKTeX 2.9\tex\latex\natbib\natbib.sty"
Package: natbib 2010/09/13 8.31b (PWD, AO)
\bibhang=\skip43
\bibsep=\skip44
LaTeX Info: Redefining \cite on input line 694.
\c@NAT@ctr=\count93
)
("C:\Program Files (x86)\MiKTeX 2.9\tex\latex\graphics\graphicx.sty"
Package: graphicx 1999/02/16 v1.0f Enhanced LaTeX Graphics (DPC,SPQR)
\Gin@req@height=\dimen118
\Gin@req@width=\dimen119
)
("C:\Program Files (x86)\MiKTeX 2.9\tex\latex\listings\listings.sty"
\lst@mode=\count94
\lst@gtempboxa=\box26
\lst@token=\toks16
\lst@length=\count95
\lst@currlwidth=\dimen120
\lst@column=\count96
\lst@pos=\count97
\lst@lostspace=\dimen121
\lst@width=\dimen122
\lst@newlines=\count98
\lst@lineno=\count99
\lst@maxwidth=\dimen123

("C:\Program Files (x86)\MiKTeX 2.9\tex\latex\listings\lstmisc.sty"
File: lstmisc.sty 2007/02/22 1.4 (Carsten Heinz)
\c@lstnumber=\count100
\lst@skipnumbers=\count101
\lst@framebox=\box27
)
("C:\Program Files (x86)\MiKTeX 2.9\tex\latex\listings\listings.cfg"
File: listings.cfg 2007/02/22 1.4 listings configuration
))
Package: listings 2007/02/22 1.4 (Carsten Heinz)

("C:\Program Files (x86)\MiKTeX 2.9\tex\generic\babel\babel.sty"
Package: babel 2008/07/08 v3.8m The Babel package

*************************************
* Local config file bblopts.cfg used
*
("C:\Program Files (x86)\MiKTeX 2.9\tex\latex\00miktex\bblopts.cfg"
File: bblopts.cfg 2006/07/31 v1.0 MiKTeX 'babel' configuration
)
("C:\Program Files (x86)\MiKTeX 2.9\tex\generic\babel\english.ldf"
Language: english 2005/03/30 v3.3o English support from the babel system

("C:\Program Files (x86)\MiKTeX 2.9\tex\generic\babel\babel.def"
File: babel.def 2008/07/08 v3.8m Babel common definitions
\babel@savecnt=\count102
\U@D=\dimen124
)
\l@canadian = a dialect from \language\l@american 
\l@australian = a dialect from \language\l@british 
\l@newzealand = a dialect from \language\l@british 
))
("C:\Users\Turan\Google Drive\ED\D\git-thesis\thesis.aux"
("C:\Users\Turan\Google Drive\ED\D\git-thesis\appendix1.aux"))
LaTeX Font Info:    Checking defaults for OML/cmm/m/it on input line 18.
LaTeX Font Info:    ... okay on input line 18.
LaTeX Font Info:    Checking defaults for T1/cmr/m/n on input line 18.
LaTeX Font Info:    ... okay on input line 18.
LaTeX Font Info:    Checking defaults for OT1/cmr/m/n on input line 18.
LaTeX Font Info:    ... okay on input line 18.
LaTeX Font Info:    Checking defaults for OMS/pzccm/m/n on input line 18.
LaTeX Font Info:    Try loading font information for OMS+pzccm on input line 18
.

("C:\Program Files (x86)\MiKTeX 2.9\tex\latex\psnfss\omspzccm.fd"
File: omspzccm.fd 2000/01/03 Fontinst v1.801 font definitions for OMS/pzccm.
)
LaTeX Font Info:    ... okay on input line 18.
LaTeX Font Info:    Checking defaults for OMX/cmex/m/n on input line 18.
LaTeX Font Info:    ... okay on input line 18.
LaTeX Font Info:    Checking defaults for U/cmr/m/n on input line 18.
LaTeX Font Info:    ... okay on input line 18.

*geometry* driver: auto-detecting
*geometry* detected driver: pdftex
*geometry* verbose mode - [ preamble ] result:
* driver: pdftex
* paper: a4paper
* layout: <same size as paper>
* layoutoffset:(h,v)=(0.0pt,0.0pt)
* modes: 
* h-part:(L,W,R)=(113.81102pt, 412.56497pt, 71.13188pt)
* v-part:(T,H,B)=(56.9055pt, 674.33032pt, 113.81102pt)
* \paperwidth=597.50787pt
* \paperheight=845.04684pt
* \textwidth=412.56497pt
* \textheight=674.33032pt
* \oddsidemargin=41.54103pt
* \evensidemargin=41.54103pt
* \topmargin=-52.36449pt
* \headheight=12.0pt
* \headsep=25.0pt
* \topskip=12.0pt
* \footskip=30.0pt
* \marginparwidth=35.0pt
* \marginparsep=10.0pt
* \columnsep=10.0pt
* \skip\footins=10.8pt plus 4.0pt minus 2.0pt
* \hoffset=0.0pt
* \voffset=0.0pt
* \mag=1000
* \@twocolumnfalse
* \@twosidefalse
* \@mparswitchfalse
* \@reversemarginfalse
* (1in=72.27pt=25.4mm, 1cm=28.453pt)

("C:\Program Files (x86)\MiKTeX 2.9\tex\context\base\supp-pdf.mkii"
[Loading MPS to PDF converter (version 2006.09.02).]
\scratchcounter=\count103
\scratchdimen=\dimen125
\scratchbox=\box28
\nofMPsegments=\count104
\nofMParguments=\count105
\everyMPshowfont=\toks17
\MPscratchCnt=\count106
\MPscratchDim=\dimen126
\MPnumerator=\count107
\makeMPintoPDFobject=\count108
\everyMPtoPDFconversion=\toks18
)
Package caption Info: Begin \AtBeginDocument code.
Package caption Info: listings package is loaded.
Package caption Info: End \AtBeginDocument code.
\c@lstlisting=\count109
LaTeX Font Info:    Font shape `OT1/ptm/bx/n' in size <20.74> not available
(Font)              Font shape `OT1/ptm/b/n' tried instead on input line 22.
LaTeX Font Info:    Font shape `OT1/phv/bx/n' in size <20.74> not available
(Font)              Font shape `OT1/phv/b/n' tried instead on input line 22.
LaTeX Font Info:    Font shape `OT1/phv/b/n' will be
(Font)              scaled to size 18.66588pt on input line 22.
 <eushield-twocolour.pdf, id=1, 369.38pt x 373.395pt>
File: eushield-twocolour.pdf Graphic file (type pdf)

<use eushield-twocolour.pdf>
Package pdftex.def Info: eushield-twocolour.pdf used on input line 22.
(pdftex.def)             Requested size: 369.37909pt x 373.39409pt.
 [1

{C:/ProgramData/MiKTeX/2.9/pdftex/config/pdftex.map} <C:/Users/Turan/Google Dri
ve/ED/D/git-thesis/eushield-twocolour.pdf>]
LaTeX Font Info:    Font shape `OT1/phv/m/n' will be
(Font)              scaled to size 10.79993pt on input line 22.
LaTeX Font Info:    Font shape `OT1/phv/bx/n' in size <12> not available
(Font)              Font shape `OT1/phv/b/n' tried instead on input line 22.
LaTeX Font Info:    Font shape `OT1/phv/b/n' will be
(Font)              scaled to size 10.79993pt on input line 22.
LaTeX Font Info:    Font shape `OT1/ptm/bx/n' in size <12> not available
(Font)              Font shape `OT1/ptm/b/n' tried instead on input line 22.

[1

] [2] [3]
LaTeX Font Info:    Font shape `OT1/ptm/bx/n' in size <24.88> not available
(Font)              Font shape `OT1/ptm/b/n' tried instead on input line 32.
LaTeX Font Info:    Font shape `OT1/phv/bx/n' in size <24.88> not available
(Font)              Font shape `OT1/phv/b/n' tried instead on input line 32.
LaTeX Font Info:    Font shape `OT1/phv/b/n' will be
(Font)              scaled to size 22.39185pt on input line 32.
 ("C:\Users\Turan\Google Drive\ED\D\git-thesis\thesis.toc"
LaTeX Font Info:    Try loading font information for OT1+ptmcm on input line 3.


("C:\Program Files (x86)\MiKTeX 2.9\tex\latex\psnfss\ot1ptmcm.fd"
File: ot1ptmcm.fd 2000/01/03 Fontinst v1.801 font definitions for OT1/ptmcm.
)
LaTeX Font Info:    Try loading font information for OML+ptmcm on input line 3.


("C:\Program Files (x86)\MiKTeX 2.9\tex\latex\psnfss\omlptmcm.fd"
File: omlptmcm.fd 2000/01/03 Fontinst v1.801 font definitions for OML/ptmcm.
)
LaTeX Font Info:    Try loading font information for OMX+psycm on input line 3.


("C:\Program Files (x86)\MiKTeX 2.9\tex\latex\psnfss\omxpsycm.fd"
File: omxpsycm.fd 2000/01/03 Fontinst v1.801 font definitions for OMX/psycm.
)
LaTeX Font Info:    Font shape `OT1/ptm/bx/n' in size <9> not available
(Font)              Font shape `OT1/ptm/b/n' tried instead on input line 3.
LaTeX Font Info:    Font shape `OT1/ptm/bx/n' in size <7> not available
(Font)              Font shape `OT1/ptm/b/n' tried instead on input line 3.
 [4

])
\tf@toc=\write3

[5] ("C:\Users\Turan\Google Drive\ED\D\git-thesis\chap1.tex"
Chapter 1.
LaTeX Font Info:    Font shape `OT1/ptm/bx/n' in size <17.28> not available
(Font)              Font shape `OT1/ptm/b/n' tried instead on input line 3.
LaTeX Font Info:    Font shape `OT1/phv/bx/n' in size <17.28> not available
(Font)              Font shape `OT1/phv/b/n' tried instead on input line 3.
LaTeX Font Info:    Font shape `OT1/phv/b/n' will be
(Font)              scaled to size 15.55188pt on input line 3.
[1


]) ("C:\Users\Turan\Google Drive\ED\D\git-thesis\chap2.tex"
LaTeX Font Info:    Font shape `OT1/phv/m/it' in size <12> not available
(Font)              Font shape `OT1/phv/m/sl' tried instead on input line 1.
LaTeX Font Info:    Font shape `OT1/phv/m/sl' will be
(Font)              scaled to size 10.79993pt on input line 1.
 [2]
Chapter 2.
LaTeX Font Info:    Font shape `OT1/ptm/bx/n' in size <14.4> not available
(Font)              Font shape `OT1/ptm/b/n' tried instead on input line 10.
LaTeX Font Info:    Font shape `OT1/phv/bx/n' in size <14.4> not available
(Font)              Font shape `OT1/phv/b/n' tried instead on input line 10.
LaTeX Font Info:    Font shape `OT1/phv/b/n' will be
(Font)              scaled to size 12.9599pt on input line 10.
[3

] [4] [5] [6]
Overfull \hbox (2.49896pt too wide) in paragraph at lines 79--80
\OT1/ptm/m/n/12 Close ties be-tween para-phras-ing and trans-la-tion were stud-
ied by Callison-Burch (2007).
 []

[7]
LaTeX Font Info:    Font shape `OT1/ptm/bx/n' in size <10.95> not available
(Font)              Font shape `OT1/ptm/b/n' tried instead on input line 86.
LaTeX Font Info:    Font shape `OT1/ptm/bx/n' in size <8> not available
(Font)              Font shape `OT1/ptm/b/n' tried instead on input line 86.
 [8] [9] [10] [11]
<g/translation-options.pdf, id=68, 440.64626pt x 188.705pt>
File: g/translation-options.pdf Graphic file (type pdf)

<use g/translation-options.pdf>
Package pdftex.def Info: g/translation-options.pdf used on input line 178.
(pdftex.def)             Requested size: 440.64517pt x 188.70453pt.

Overfull \hbox (28.0802pt too wide) in paragraph at lines 178--179
 [][] 
 []

[12] <g/decoding-step5.pdf, id=72, 439.6425pt x 258.9675pt>
File: g/decoding-step5.pdf Graphic file (type pdf)

<use g/decoding-step5.pdf>
Package pdftex.def Info: g/decoding-step5.pdf used on input line 187.
(pdftex.def)             Requested size: 439.64142pt x 258.96684pt.

Overfull \hbox (27.07645pt too wide) in paragraph at lines 187--188
 [][] 
 []

[13 <C:/Users/Turan/Google Drive/ED/D/git-thesis/g/translation-options.pdf>]
<g/recombination-example1.pdf, id=94, 242.9075pt x 85.31876pt>
File: g/recombination-example1.pdf Graphic file (type pdf)

<use g/recombination-example1.pdf>
Package pdftex.def Info: g/recombination-example1.pdf used on input line 198.
(pdftex.def)             Requested size: 242.90689pt x 85.31853pt.

<g/recombination-example2.pdf, id=95, 242.9075pt x 86.3225pt>
File: g/recombination-example2.pdf Graphic file (type pdf)

<use g/recombination-example2.pdf>
Package pdftex.def Info: g/recombination-example2.pdf used on input line 206.
(pdftex.def)             Requested size: 242.90689pt x 86.32227pt.
 [14 <C:/Users/Turan/Google Drive/ED/D/git-thesis/g/decoding-step5.pdf> <C:/Use
rs/Turan/Google Drive/ED/D/git-thesis/g/recombination-example1.pdf>]) ("C:\User
s\Turan\Google Drive\ED\D\git-thesis\chap3.tex" [15 <C:/Users/Turan/Google Driv
e/ED/D/git-thesis/g/recombination-example2.pdf>]
Chapter 3.
[16

] [17] [18] [19] <g/system-outline.pdf, id=157, 491.8375pt x 282.05376pt>
File: g/system-outline.pdf Graphic file (type pdf)

<use g/system-outline.pdf>
Package pdftex.def Info: g/system-outline.pdf used on input line 76.
(pdftex.def)             Requested size: 491.83629pt x 282.05305pt.

Overfull \hbox (79.27132pt too wide) in paragraph at lines 76--77
 [][] 
 []

[20 <C:/Users/Turan/Google Drive/ED/D/git-thesis/g/system-outline.pdf>]
<g/screenshot.png, id=172, 812.28468pt x 714.41907pt>
File: g/screenshot.png Graphic file (type png)
 <use g/screenshot.png>
Package pdftex.def Info: g/screenshot.png used on input line 86.
(pdftex.def)             Requested size: 406.14134pt x 357.20866pt.

[21 <C:/Users/Turan/Google Drive/ED/D/git-thesis/g/screenshot.png>] [22]
[23] [24] [25]
Overfull \hbox (9.71364pt too wide) in paragraph at lines 185--186
\OT1/pcr/m/n/12 sentenceId, hyp, stack, back, score, transition, recombined, fo
rward,
 []

LaTeX Font Info:    Font shape `OMS/ptm/m/n' in size <12> not available
(Font)              Font shape `OMS/pzccm/m/n' tried instead on input line 190.

[26] [27] <g/coverage-expansion.pdf, id=197, 343.2825pt x 194.7275pt>
File: g/coverage-expansion.pdf Graphic file (type pdf)

<use g/coverage-expansion.pdf>
Package pdftex.def Info: g/coverage-expansion.pdf used on input line 211.
(pdftex.def)             Requested size: 343.28165pt x 194.727pt.
 [28 <C:/Users/Turan/Google Drive/ED/D/git-thesis/g/coverage-expansion.pdf>] <g
/fsm.pdf, id=226, 409.53pt x 203.76125pt>
File: g/fsm.pdf Graphic file (type pdf)

<use g/fsm.pdf>
Package pdftex.def Info: g/fsm.pdf used on input line 225.
(pdftex.def)             Requested size: 409.52899pt x 203.76074pt.
 [29] [30 <C:/Users/Turan/Google Drive/ED/D/git-thesis/g/fsm.pdf>]
LaTeX Font Info:    Font shape `OT1/pcr/bx/n' in size <12> not available
(Font)              Font shape `OT1/pcr/b/n' tried instead on input line 254.
 [31] [32] [33]) ("C:\Users\Turan\Google Drive\ED\D\git-thesis\chap4.tex"
[34]
Chapter 4.
[35

]
Overfull \hbox (28.07358pt too wide) in paragraph at lines 28--28
[]\OT1/pcr/m/n/12 < /fs/vali1/wmt13-en-ru/evaluation/newstest2013.input.lc.1 > 
~/rus_out_1[] 
 []

[36]
Overfull \hbox (9.71364pt too wide) in paragraph at lines 45--45
[]\OT1/pcr/m/n/12 1 -cube-pruning-pop-limit 5000 -s 5000 -threads 24  -ttable-l
imit 100[] 
 []

<g/rus-sample1.pdf, id=278, 570.13pt x 387.4475pt>
File: g/rus-sample1.pdf Graphic file (type pdf)
 <use g/rus-sample1.pdf>
Package pdftex.def Info: g/rus-sample1.pdf used on input line 55.
(pdftex.def)             Requested size: 427.59645pt x 290.5849pt.

Overfull \hbox (15.03148pt too wide) in paragraph at lines 55--56
 [][] 
 []

[37] <g/eval-auto-results.pdf, id=283, 584.1825pt x 457.71pt>
File: g/eval-auto-results.pdf Graphic file (type pdf)

<use g/eval-auto-results.pdf>
Package pdftex.def Info: g/eval-auto-results.pdf used on input line 70.
(pdftex.def)             Requested size: 438.13579pt x 343.28166pt.

Overfull \hbox (25.57082pt too wide) in paragraph at lines 70--71
 [][] 
 []

[38 <C:/Users/Turan/Google Drive/ED/D/git-thesis/g/rus-sample1.pdf>] [39 <C:/Us
ers/Turan/Google Drive/ED/D/git-thesis/g/eval-auto-results.pdf>]
<g/phrase-size-chart.png, id=318, 685.8122pt x 381.67593pt>
File: g/phrase-size-chart.png Graphic file (type png)

<use g/phrase-size-chart.png>
Package pdftex.def Info: g/phrase-size-chart.png used on input line 83.
(pdftex.def)             Requested size: 411.4905pt x 229.00732pt.
 [40 <C:/Users/Turan/Google Drive/ED/D/git-thesis/g/phrase-size-chart.png>] <g/
man-eval.png, id=323, 522.45187pt x 609.02531pt>
File: g/man-eval.png Graphic file (type png)

<use g/man-eval.png>
Package pdftex.def Info: g/man-eval.png used on input line 97.
(pdftex.def)             Requested size: 417.96207pt x 487.2209pt.

Overfull \hbox (5.3971pt too wide) in paragraph at lines 97--98
 [][] 
 []

<g/man-eval-result.pdf, id=324, 319.1925pt x 147.55125pt>
File: g/man-eval-result.pdf Graphic file (type pdf)

<use g/man-eval-result.pdf>
Package pdftex.def Info: g/man-eval-result.pdf used on input line 109.
(pdftex.def)             Requested size: 255.35434pt x 118.04114pt.
)
("C:\Users\Turan\Google Drive\ED\D\git-thesis\chap5.tex" [41] [42 <C:/Users/Tur
an/Google Drive/ED/D/git-thesis/g/man-eval.png> <C:/Users/Turan/Google Drive/ED
/D/git-thesis/g/man-eval-result.pdf>] [43]
Chapter 5.
<g/show-more-like-this.png, id=346, 426.84468pt x 231.11343pt>
File: g/show-more-like-this.png Graphic file (type png)

<use g/show-more-like-this.png>
Package pdftex.def Info: g/show-more-like-this.png used on input line 14.
(pdftex.def)             Requested size: 341.47621pt x 184.89099pt.
 [44

] [45 <C:/Users/Turan/Google Drive/ED/D/git-thesis/g/show-more-like-this.png>]
<g/button.png, id=354, 547.2947pt x 709.14937pt>
File: g/button.png Graphic file (type png)
 <use g/button.png>
Package pdftex.def Info: g/button.png used on input line 52.
(pdftex.def)             Requested size: 437.83635pt x 567.32027pt.

Overfull \hbox (25.27138pt too wide) in paragraph at lines 52--53
 [][] 
 []

) ("C:\Users\Turan\Google Drive\ED\D\git-thesis\chap6.tex" [46] [47 <C:/Users/T
uran/Google Drive/ED/D/git-thesis/g/button.png>] [48]
Chapter 6.
[49

]
Overfull \hbox (0.72025pt too wide) in paragraph at lines 14--15
[]\OT1/ptm/m/n/12 In con-clu-sion, we demon-strated how para-phras-ing could be
 ef-fi-ciently im-ple-mented
 []

) [50]
No file appendix1.tex.
("C:\Users\Turan\Google Drive\ED\D\git-thesis\thesis.bbl" [51



]) [52]
("C:\Users\Turan\Google Drive\ED\D\git-thesis\thesis.aux"
("C:\Users\Turan\Google Drive\ED\D\git-thesis\appendix1.aux")) ) 
Here is how much of TeX's memory you used:
 5337 strings out of 494045
 80445 string characters out of 3145968
 139594 words of memory out of 3000000
 8492 multiletter control sequences out of 15000+200000
 62157 words of font info for 117 fonts, out of 3000000 for 9000
 715 hyphenation exceptions out of 8191
 43i,6n,41p,1565b,334s stack positions out of 5000i,500n,10000p,200000b,50000s
{C:/Program Fil
es (x86)/MiKTeX 2.9/fonts/enc/dvips/fontname/8r.enc}<C:/Program Files (x86)/MiK
TeX 2.9/fonts/type1/public/amsfonts/cm/cmmi10.pfb><C:/Program Files (x86)/MiKTe
X 2.9/fonts/type1/public/amsfonts/cm/cmr10.pfb><C:/Program Files (x86)/MiKTeX 2
.9/fonts/type1/public/amsfonts/cm/cmsy10.pfb><C:/Program Files (x86)/MiKTeX 2.9
/fonts/type1/urw/courier/ucrb8a.pfb><C:/Program Files (x86)/MiKTeX 2.9/fonts/ty
pe1/urw/courier/ucrr8a.pfb><C:/Program Files (x86)/MiKTeX 2.9/fonts/type1/urw/h
elvetic/uhvb8a.pfb><C:/Program Files (x86)/MiKTeX 2.9/fonts/type1/urw/helvetic/
uhvr8a.pfb><C:/Program Files (x86)/MiKTeX 2.9/fonts/type1/urw/helvetic/uhvro8a.
pfb><C:/Program Files (x86)/MiKTeX 2.9/fonts/type1/urw/symbol/usyr.pfb><C:/Prog
ram Files (x86)/MiKTeX 2.9/fonts/type1/urw/times/utmb8a.pfb><C:/Program Files (
x86)/MiKTeX 2.9/fonts/type1/urw/times/utmr8a.pfb><C:/Program Files (x86)/MiKTeX
 2.9/fonts/type1/urw/times/utmri8a.pfb>
Output written on thesis.pdf (58 pages, 683931 bytes).
PDF statistics:
 419 PDF objects out of 1000 (max. 8388607)
 0 named destinations out of 1000 (max. 500000)
 81 words of extra memory for PDF output out of 10000 (max. 10000000)

